2024-07-10 13:17:42.441 +09:00 [INF] 통계 데이터 생성 시간: 2024-07-11 01:00:00
2024-07-10 13:17:43.367 +09:00 [INF] KDMS 서버 프로그램 시작...
2024-07-10 14:25:08.019 +09:00 [INF] 통계 데이터 생성 시간: 2024-07-11 01:00:00
2024-07-10 14:25:09.444 +09:00 [INF] KDMS 서버 프로그램 시작...
2024-07-10 14:27:37.768 +09:00 [INF] 통계 데이터 생성 시간: 2024-07-11 01:00:00
2024-07-10 14:27:39.427 +09:00 [INF] KDMS 서버 프로그램 시작...
2024-07-10 14:38:47.860 +09:00 [INF] 통계 데이터 생성 시간: 2024-07-11 01:00:00
2024-07-10 14:38:49.133 +09:00 [INF] KDMS 서버 프로그램 시작...
2024-07-10 14:41:10.436 +09:00 [INF] 통계 데이터 생성 시간: 2024-07-11 01:00:00
2024-07-10 14:41:11.781 +09:00 [INF] KDMS 서버 프로그램 시작...
2024-07-10 14:42:39.264 +09:00 [INF] 통계 데이터 생성 시간: 2024-07-11 01:00:00
2024-07-10 14:42:40.537 +09:00 [INF] KDMS 서버 프로그램 시작...
2024-07-10 14:44:00.441 +09:00 [INF] 통계 데이터 생성 시간: 2024-07-11 01:00:00
2024-07-10 14:44:02.080 +09:00 [INF] KDMS 서버 프로그램 시작...
2024-07-10 14:46:49.478 +09:00 [INF] 통계 데이터 생성 시간: 2024-07-11 01:00:00
2024-07-10 14:46:51.064 +09:00 [INF] KDMS 서버 프로그램 시작...
2024-07-10 14:55:21.240 +09:00 [INF] 통계 데이터 생성 시간: 2024-07-11 01:00:00
2024-07-10 14:55:22.597 +09:00 [INF] KDMS 서버 프로그램 시작...
2024-07-10 15:01:13.937 +09:00 [INF] 통계 데이터 생성 시간: 2024-07-11 01:00:00
2024-07-10 15:01:15.310 +09:00 [INF] KDMS 서버 프로그램 시작...
2024-07-10 15:03:12.685 +09:00 [INF] 통계 데이터 생성 시간: 2024-07-11 01:00:00
2024-07-10 15:03:13.937 +09:00 [INF] KDMS 서버 프로그램 시작...
2024-07-10 15:05:53.521 +09:00 [INF] 통계 데이터 생성 시간: 2024-07-11 01:00:00
2024-07-10 15:05:54.909 +09:00 [INF] KDMS 서버 프로그램 시작...
2024-07-10 15:26:17.178 +09:00 [INF] 통계 데이터 생성 시간: 2024-07-11 01:00:00
2024-07-10 15:26:18.653 +09:00 [INF] KDMS 서버 프로그램 시작...
2024-07-10 16:13:14.474 +09:00 [INF] 통계 데이터 생성 시간: 2024-07-11 01:00:00
2024-07-10 16:13:15.724 +09:00 [INF] KDMS 서버 프로그램 시작...
2024-07-10 16:29:59.662 +09:00 [INF] 통계 데이터 생성 시간: 2024-07-11 01:00:00
2024-07-10 16:30:01.264 +09:00 [INF] KDMS 서버 프로그램 시작...
2024-07-10 16:50:09.372 +09:00 [INF] 통계 데이터 생성 시간: 2024-07-11 01:00:00
2024-07-10 16:50:10.688 +09:00 [INF] KDMS 서버 프로그램 시작...
2024-07-10 17:19:55.780 +09:00 [INF] 통계 데이터 생성 시간: 2024-07-11 01:00:00
2024-07-10 17:19:57.474 +09:00 [INF] KDMS 서버 프로그램 시작...
2024-07-10 17:25:29.194 +09:00 [INF] 통계 데이터 생성 시간: 2024-07-11 01:00:00
2024-07-10 17:25:30.622 +09:00 [INF] KDMS 서버 프로그램 시작...
2024-07-10 17:27:06.373 +09:00 [INF] 통계 데이터 생성 시간: 2024-07-11 01:00:00
2024-07-10 17:27:07.837 +09:00 [INF] KDMS 서버 프로그램 시작...
2024-07-10 17:28:57.517 +09:00 [INF] 통계 데이터 생성 시간: 2024-07-11 01:00:00
2024-07-10 17:28:58.910 +09:00 [INF] KDMS 서버 프로그램 시작...
2024-07-10 17:34:39.472 +09:00 [INF] 통계 데이터 생성 시간: 2024-07-11 01:00:00
2024-07-10 17:34:41.020 +09:00 [INF] KDMS 서버 프로그램 시작...
2024-07-10 17:37:22.132 +09:00 [INF] 통계 데이터 생성 시간: 2024-07-11 01:00:00
2024-07-10 17:37:23.365 +09:00 [INF] KDMS 서버 프로그램 시작...
2024-07-10 17:38:34.620 +09:00 [INF] 통계 데이터 생성 시간: 2024-07-11 01:00:00
2024-07-10 17:38:35.920 +09:00 [INF] KDMS 서버 프로그램 시작...
2024-07-10 17:39:38.588 +09:00 [INF] 통계 데이터 생성 시간: 2024-07-11 01:00:00
2024-07-10 17:39:39.830 +09:00 [INF] KDMS 서버 프로그램 시작...
2024-07-10 17:42:10.818 +09:00 [INF] 통계 데이터 생성 시간: 2024-07-11 01:00:00
2024-07-10 17:42:12.134 +09:00 [INF] KDMS 서버 프로그램 시작...
2024-07-10 18:00:28.276 +09:00 [INF] 통계 데이터 생성 시간: 2024-07-11 01:00:00
2024-07-10 18:00:29.665 +09:00 [INF] KDMS 서버 프로그램 시작...
2024-07-10 18:01:12.243 +09:00 [INF] 통계 데이터 생성 시간: 2024-07-11 01:00:00
2024-07-10 18:01:13.577 +09:00 [INF] KDMS 서버 프로그램 시작...
2024-07-10 18:01:53.336 +09:00 [INF] 통계 데이터 생성 시간: 2024-07-11 01:00:00
2024-07-10 18:01:55.099 +09:00 [INF] KDMS 서버 프로그램 시작...
2024-07-10 18:11:31.851 +09:00 [INF] 통계 데이터 생성 시간: 2024-07-11 01:00:00
2024-07-10 18:11:32.711 +09:00 [INF] KDMS 서버 프로그램 시작...
2024-07-10 18:22:22.939 +09:00 [INF] 통계 데이터 생성 시간: 2024-07-11 01:00:00
2024-07-10 18:22:23.731 +09:00 [INF] KDMS 서버 프로그램 시작...
2024-07-10 18:23:51.325 +09:00 [INF] 통계 데이터 생성 시간: 2024-07-11 01:00:00
2024-07-10 18:23:52.888 +09:00 [INF] KDMS 서버 프로그램 시작...
2024-07-10 18:27:14.908 +09:00 [INF] 통계 데이터 생성 시간: 2024-07-11 01:00:00
2024-07-10 18:27:15.710 +09:00 [INF] KDMS 서버 프로그램 시작...
2024-07-10 18:28:29.949 +09:00 [INF] 통계 데이터 생성 시간: 2024-07-11 01:00:00
2024-07-10 18:28:31.560 +09:00 [INF] KDMS 서버 프로그램 시작...
2024-07-10 18:31:28.960 +09:00 [INF] 통계 데이터 생성 시간: 2024-07-11 01:00:00
2024-07-10 18:31:29.799 +09:00 [INF] KDMS 서버 프로그램 시작...
2024-07-10 18:32:45.734 +09:00 [INF] 통계 데이터 생성 시간: 2024-07-11 01:00:00
2024-07-10 18:32:47.075 +09:00 [INF] KDMS 서버 프로그램 시작...
2024-07-10 18:50:20.419 +09:00 [INF] 통계 데이터 생성 시간: 2024-07-11 01:00:00
2024-07-10 18:50:21.297 +09:00 [INF] KDMS 서버 프로그램 시작...
2024-07-10 18:53:17.784 +09:00 [INF] 통계 데이터 생성 시간: 2024-07-11 01:00:00
2024-07-10 18:53:18.677 +09:00 [INF] KDMS 서버 프로그램 시작...
2024-07-10 18:54:01.914 +09:00 [INF] 통계 데이터 생성 시간: 2024-07-11 01:00:00
2024-07-10 18:54:02.703 +09:00 [INF] KDMS 서버 프로그램 시작...
2024-07-10 18:54:06.978 +09:00 [INF] 2024-07-08 통계 데이터 입력 시작
2024-07-10 18:55:32.923 +09:00 [INF] 통계 데이터 생성 시간: 2024-07-11 01:00:00
2024-07-10 18:55:33.724 +09:00 [INF] KDMS 서버 프로그램 시작...
2024-07-10 18:55:38.105 +09:00 [INF] 2024-07-08 통계 데이터 입력 시작
2024-07-10 18:59:23.579 +09:00 [INF] 2024-07-08 통계 데이터 입력 성공
2024-07-10 19:02:02.600 +09:00 [INF] 통계 데이터 생성 시간: 2024-07-11 01:00:00
2024-07-10 19:02:03.405 +09:00 [INF] KDMS 서버 프로그램 시작...
2024-07-10 19:02:22.733 +09:00 [INF] 통계 데이터 생성 시간: 2024-07-11 01:00:00
2024-07-10 19:02:23.563 +09:00 [INF] KDMS 서버 프로그램 시작...
2024-07-10 19:03:54.517 +09:00 [INF] 통계 데이터 생성 시간: 2024-07-11 01:00:00
2024-07-10 19:03:55.334 +09:00 [INF] KDMS 서버 프로그램 시작...
2024-07-10 19:04:38.714 +09:00 [INF] 통계 데이터 생성 시간: 2024-07-11 01:00:00
2024-07-10 19:04:39.599 +09:00 [INF] KDMS 서버 프로그램 시작...
2024-07-10 19:05:39.216 +09:00 [INF] 통계 데이터 생성 시간: 2024-07-11 01:00:00
2024-07-10 19:05:40.108 +09:00 [INF] KDMS 서버 프로그램 시작...
2024-07-10 19:06:22.552 +09:00 [INF] 통계 데이터 생성 시간: 2024-07-11 01:00:00
2024-07-10 19:06:23.414 +09:00 [INF] KDMS 서버 프로그램 시작...
2024-07-10 19:07:03.611 +09:00 [INF] 통계 데이터 생성 시간: 2024-07-11 01:00:00
2024-07-10 19:07:04.432 +09:00 [INF] KDMS 서버 프로그램 시작...
2024-07-10 19:07:30.638 +09:00 [INF] 통계 데이터 생성 시간: 2024-07-11 01:00:00
2024-07-10 19:07:31.499 +09:00 [INF] KDMS 서버 프로그램 시작...
2024-07-10 19:08:20.023 +09:00 [INF] 통계 데이터 생성 시간: 2024-07-11 01:00:00
2024-07-10 19:08:20.817 +09:00 [INF] KDMS 서버 프로그램 시작...
2024-07-10 19:08:55.948 +09:00 [INF] 통계 데이터 생성 시간: 2024-07-11 01:00:00
2024-07-10 19:08:56.755 +09:00 [INF] KDMS 서버 프로그램 시작...
2024-07-10 19:10:07.122 +09:00 [INF] 통계 데이터 생성 시간: 2024-07-11 01:00:00
2024-07-10 19:10:07.920 +09:00 [INF] KDMS 서버 프로그램 시작...
2024-07-10 19:17:42.340 +09:00 [INF] 통계 데이터 생성 시간: 2024-07-11 01:00:00
2024-07-10 19:17:43.179 +09:00 [INF] KDMS 서버 프로그램 시작...
2024-07-10 19:17:48.642 +09:00 [INF] 2024-07-08 통계 데이터 입력 시작
2024-07-10 19:21:09.233 +09:00 [INF] 2024-07-08 통계 데이터 입력 성공
2024-07-10 19:32:28.000 +09:00 [INF] 통계 데이터 생성 시간: 2024-07-11 01:00:00
2024-07-10 19:32:28.000 +09:00 [INF] 이력 통계 테이블 생성 시간: 2025-01-01 00:00:00
2024-07-10 19:32:28.806 +09:00 [INF] KDMS 서버 프로그램 시작...
2024-07-10 19:32:28.822 +09:00 [INF] 이력 실시간 테이블 생성 시간: 2024-07-11 00:00:00
2024-07-10 19:35:16.932 +09:00 [INF] 이력 통계 테이블 생성 시간: 2024-01-31 00:00:00
2024-07-10 19:35:16.932 +09:00 [INF] 통계 데이터 생성 시간: 2024-07-11 01:00:00
2024-07-10 19:35:17.619 +09:00 [INF] KDMS 서버 프로그램 시작...
2024-07-10 19:35:17.637 +09:00 [INF] 이력 실시간 테이블 생성 시간: 2024-07-11 00:00:00
2024-07-10 19:35:43.656 +09:00 [INF] KDMS 서버 프로그램 시작...
2024-07-10 19:35:43.847 +09:00 [INF] 이력 통계 테이블 생성 시간: 2024-01-31 00:00:00
2024-07-10 19:35:43.847 +09:00 [INF] 통계 데이터 생성 시간: 2024-07-11 01:00:00
2024-07-10 19:35:43.848 +09:00 [INF] 이력 실시간 테이블 생성 시간: 2024-07-11 00:00:00
2024-07-10 19:36:54.435 +09:00 [INF] KDMS 서버 프로그램 시작...
2024-07-10 19:36:54.657 +09:00 [INF] 이력 통계 테이블 생성 시간: 2024-01-31 00:00:00
2024-07-10 19:36:54.658 +09:00 [INF] 통계 데이터 생성 시간: 2024-07-11 01:00:00
2024-07-10 19:36:54.658 +09:00 [INF] 이력 실시간 테이블 생성 시간: 2024-07-11 00:00:00
2024-07-10 19:37:53.010 +09:00 [INF] 이력 통계 테이블 생성 시간: 2024-01-31 00:00:00
2024-07-10 19:37:53.311 +09:00 [INF] KDMS 서버 프로그램 시작...
2024-07-10 19:37:53.325 +09:00 [INF] 이력 실시간 테이블 생성 시간: 2024-07-11 00:00:00
2024-07-10 19:37:53.505 +09:00 [INF] 통계 데이터 생성 시간: 2024-07-11 01:00:00
2024-07-10 19:38:35.569 +09:00 [INF] KDMS 서버 프로그램 시작...
2024-07-10 19:38:35.795 +09:00 [INF] 이력 통계 테이블 생성 시간: 2024-01-31 00:00:00
2024-07-10 19:38:35.796 +09:00 [INF] 이력 실시간 테이블 생성 시간: 2024-07-11 00:00:00
2024-07-10 19:38:36.289 +09:00 [INF] 통계 데이터 생성 시간: 2024-07-11 01:00:00
2024-07-10 19:39:32.471 +09:00 [INF] KDMS 서버 프로그램 시작...
2024-07-10 19:39:32.642 +09:00 [INF] 이력 통계 테이블 생성 시간: 2024-12-31 00:00:00
2024-07-10 19:39:32.643 +09:00 [INF] 이력 실시간 테이블 생성 시간: 2024-07-11 00:00:00
2024-07-10 19:39:33.144 +09:00 [INF] 통계 데이터 생성 시간: 2024-07-11 01:00:00
2024-07-10 19:41:10.941 +09:00 [INF] KDMS 서버 프로그램 시작...
2024-07-10 19:41:11.167 +09:00 [INF] 이력 통계 테이블 생성 시간: 2024-12-31 01:00:00
2024-07-10 19:41:11.167 +09:00 [INF] 이력 실시간 테이블 생성 시간: 2024-07-11 01:00:00
2024-07-10 19:41:11.661 +09:00 [INF] 통계 데이터 생성 시간: 2024-07-11 01:00:00
2024-07-10 19:46:38.714 +09:00 [INF] KDMS 서버 프로그램 시작...
2024-07-10 19:46:38.862 +09:00 [INF] 이력 통계 테이블 생성 시간: 2024-12-31 01:00:00
2024-07-10 19:46:38.863 +09:00 [INF] 이력 실시간 테이블 생성 시간: 2024-07-11 01:00:00
2024-07-10 19:46:39.361 +09:00 [INF] 통계 데이터 생성 시간: 2024-07-11 01:00:00
2024-07-10 19:46:41.317 +09:00 [INF] 2024-07-10 통계 데이터 입력 시작
2024-07-10 19:47:21.228 +09:00 [INF] KDMS 서버 프로그램 시작...
2024-07-10 19:47:21.449 +09:00 [INF] 이력 통계 테이블 생성 시간: 2024-12-31 01:00:00
2024-07-10 19:47:21.449 +09:00 [INF] 이력 실시간 테이블 생성 시간: 2024-07-11 01:00:00
2024-07-10 19:47:21.934 +09:00 [INF] 통계 데이터 생성 시간: 2024-07-11 01:00:00
2024-07-10 19:47:22.471 +09:00 [INF] 2024-07-10 통계 데이터 입력 시작
2024-07-10 19:48:00.356 +09:00 [INF] KDMS 서버 프로그램 시작...
2024-07-10 19:48:00.554 +09:00 [INF] 이력 통계 테이블 생성 시간: 2024-12-31 01:00:00
2024-07-10 19:48:00.555 +09:00 [INF] 이력 실시간 테이블 생성 시간: 2024-07-11 01:00:00
2024-07-10 19:48:01.055 +09:00 [INF] 통계 데이터 생성 시간: 2024-07-11 01:00:00
2024-07-10 19:48:01.797 +09:00 [INF] 2024-07-10 통계 데이터 입력 시작
2024-07-10 19:50:16.311 +09:00 [INF] KDMS 서버 프로그램 시작...
2024-07-10 19:50:16.423 +09:00 [INF] 이력 통계 테이블 생성 시간: 2024-12-31 01:00:00
2024-07-10 19:50:16.426 +09:00 [INF] 이력 실시간 테이블 생성 시간: 2024-07-11 01:00:00
2024-07-10 19:50:16.929 +09:00 [INF] 통계 데이터 생성 시간: 2024-07-11 01:00:00
2024-07-10 19:50:18.822 +09:00 [INF] 2024-07-10 통계 데이터 입력 시작
2024-07-10 19:50:58.259 +09:00 [INF] KDMS 서버 프로그램 시작...
2024-07-10 19:50:58.462 +09:00 [INF] 이력 통계 테이블 생성 시간: 2024-12-31 01:00:00
2024-07-10 19:50:58.464 +09:00 [INF] 이력 실시간 테이블 생성 시간: 2024-07-11 01:00:00
2024-07-10 19:50:58.971 +09:00 [INF] 통계 데이터 생성 시간: 2024-07-11 01:00:00
2024-07-10 19:51:00.213 +09:00 [INF] 2024-07-10 통계 데이터 입력 시작
2024-07-10 19:51:30.070 +09:00 [INF] KDMS 서버 프로그램 시작...
2024-07-10 19:51:30.291 +09:00 [INF] 이력 통계 테이블 생성 시간: 2024-12-31 01:00:00
2024-07-10 19:51:30.292 +09:00 [INF] 이력 실시간 테이블 생성 시간: 2024-07-11 01:00:00
2024-07-10 19:51:30.789 +09:00 [INF] 통계 데이터 생성 시간: 2024-07-11 01:00:00
2024-07-10 19:51:31.101 +09:00 [INF] 2024-07-10 통계 데이터 입력 시작
2024-07-10 19:51:57.662 +09:00 [INF] KDMS 서버 프로그램 시작...
2024-07-10 19:51:57.717 +09:00 [INF] 이력 통계 테이블 생성 시간: 2024-12-31 01:00:00
2024-07-10 19:51:57.734 +09:00 [INF] 이력 실시간 테이블 생성 시간: 2024-07-11 01:00:00
2024-07-10 19:51:58.214 +09:00 [INF] 통계 데이터 생성 시간: 2024-07-11 01:00:00
2024-07-10 19:51:59.461 +09:00 [INF] 2024-07-10 통계 데이터 입력 시작
2024-07-10 19:53:03.269 +09:00 [INF] KDMS 서버 프로그램 시작...
2024-07-10 19:53:03.477 +09:00 [INF] 이력 통계 테이블 생성 시간: 2024-12-31 01:00:00
2024-07-10 19:53:03.478 +09:00 [INF] 이력 실시간 테이블 생성 시간: 2024-07-11 01:00:00
2024-07-10 19:53:03.976 +09:00 [INF] 통계 데이터 생성 시간: 2024-07-11 01:00:00
2024-07-10 19:53:11.708 +09:00 [INF] 2024-07-10 통계 데이터 입력 시작
2024-07-10 20:16:25.565 +09:00 [INF] KDMS 서버 프로그램 시작...
2024-07-10 20:16:25.730 +09:00 [INF] 이력 통계 테이블 생성 시간: 2024-12-31 01:00:00
2024-07-10 20:16:25.731 +09:00 [INF] 이력 실시간 테이블 생성 시간: 2024-07-11 01:00:00
2024-07-10 20:16:26.220 +09:00 [INF] 통계 데이터 생성 시간: 2024-07-11 01:00:00
2024-07-10 20:19:21.411 +09:00 [INF] KDMS 서버 프로그램 시작...
2024-07-10 20:19:21.589 +09:00 [INF] 이력 통계 테이블 생성 시간: 2024-12-31 01:00:00
2024-07-10 20:19:21.590 +09:00 [INF] 이력 실시간 테이블 생성 시간: 2024-07-11 01:00:00
2024-07-10 20:19:22.089 +09:00 [INF] 통계 데이터 생성 시간: 2024-07-11 01:00:00
