2024-07-11 01:00:00.509 +09:00 [INF] 2024-07-10 통계 데이터 입력 실패 CODE:01 MSG:DATA 없음
2024-07-11 01:00:00.513 +09:00 [INF] NEXT 통계 데이터 생성 시간: 2024-07-12 01:00:00
2024-07-11 01:00:03.338 +09:00 [INF] NEXT 이력 실시간 테이블 생성 시간: 2024-07-12 01:00:00
2024-07-11 12:29:00.575 +09:00 [INF] KDMS 서버 프로그램 시작...
2024-07-11 12:29:00.758 +09:00 [INF] 이력 통계 테이블 생성 시간: 2024-12-31 01:00:00
2024-07-11 12:29:00.759 +09:00 [INF] 이력 실시간 테이블 생성 시간: 2024-07-12 01:00:00
2024-07-11 12:29:01.276 +09:00 [INF] 일일 통계 데이터 생성 시간: 2024-07-12 01:00:00
2024-07-11 13:14:25.231 +09:00 [INF] KDMS 서버 프로그램 시작...
2024-07-11 13:14:25.350 +09:00 [INF] 이력 통계 테이블 생성 시간: 2024-12-31 01:00:00
2024-07-11 13:14:25.351 +09:00 [INF] 이력 실시간 테이블 생성 시간: 2024-07-12 01:00:00
2024-07-11 13:14:25.840 +09:00 [INF] 일일 통계 데이터 생성 시간: 2024-07-12 01:00:00
2024-07-11 13:18:06.471 +09:00 [INF] KDMS 서버 프로그램 시작...
2024-07-11 13:18:06.650 +09:00 [INF] 이력 통계 테이블 생성 시간: 2024-12-31 01:00:00
2024-07-11 13:18:06.901 +09:00 [INF] 이력 실시간 테이블 생성 시간: 2024-07-12 01:00:00
2024-07-11 13:18:07.153 +09:00 [INF] 일일 통계 데이터 생성 시간: 2024-07-12 01:00:00
2024-07-11 13:18:26.830 +09:00 [INF] 이력 통계 테이블 생성 시간: 2024-12-31 01:00:00
2024-07-11 13:18:26.927 +09:00 [INF] KDMS 서버 프로그램 시작...
2024-07-11 13:18:26.940 +09:00 [INF] 이력 실시간 테이블 생성 시간: 2024-07-12 01:00:00
2024-07-11 13:18:27.340 +09:00 [INF] 일일 통계 데이터 생성 시간: 2024-07-12 01:00:00
2024-07-11 13:24:41.277 +09:00 [INF] KDMS 서버 프로그램 시작...
2024-07-11 13:24:41.419 +09:00 [INF] 이력 통계 테이블 생성 시간: 2024-12-31 01:00:00
2024-07-11 13:24:41.662 +09:00 [INF] 이력 실시간 테이블 생성 시간: 2024-07-12 01:00:00
2024-07-11 13:24:41.919 +09:00 [INF] 일일 통계 데이터 생성 시간: 2024-07-12 01:00:00
2024-07-11 13:27:21.436 +09:00 [INF] KDMS 서버 프로그램 시작...
2024-07-11 13:27:21.616 +09:00 [INF] 이력 통계 테이블 생성 시간: 2024-12-31 01:00:00
2024-07-11 13:27:21.617 +09:00 [INF] 이력 실시간 테이블 생성 시간: 2024-07-12 01:00:00
2024-07-11 13:27:22.124 +09:00 [INF] 일일 통계 데이터 생성 시간: 2024-07-12 01:00:00
2024-07-11 13:29:57.183 +09:00 [INF] KDMS 서버 프로그램 시작...
2024-07-11 13:29:57.372 +09:00 [INF] 이력 통계 테이블 생성 시간: 2024-12-31 01:00:00
2024-07-11 13:29:57.373 +09:00 [INF] 이력 실시간 테이블 생성 시간: 2024-07-12 01:00:00
2024-07-11 13:29:57.873 +09:00 [INF] 일일 통계 데이터 생성 시간: 2024-07-12 01:00:00
2024-07-11 13:31:31.685 +09:00 [INF] KDMS 서버 프로그램 시작...
2024-07-11 13:31:31.867 +09:00 [INF] 이력 통계 테이블 생성 시간: 2024-12-31 01:00:00
2024-07-11 13:31:31.868 +09:00 [INF] 이력 실시간 테이블 생성 시간: 2024-07-12 01:00:00
2024-07-11 13:31:32.370 +09:00 [INF] 일일 통계 데이터 생성 시간: 2024-07-12 01:00:00
2024-07-11 13:32:40.319 +09:00 [INF] KDMS 서버 프로그램 시작...
2024-07-11 13:32:40.448 +09:00 [INF] 이력 통계 테이블 생성 시간: 2024-12-31 01:00:00
2024-07-11 13:32:40.449 +09:00 [INF] 이력 실시간 테이블 생성 시간: 2024-07-12 01:00:00
2024-07-11 13:32:40.951 +09:00 [INF] 일일 통계 데이터 생성 시간: 2024-07-12 01:00:00
2024-07-11 13:45:55.158 +09:00 [INF] KDMS 서버 프로그램 시작...
2024-07-11 13:45:55.312 +09:00 [INF] 이력 통계 테이블 생성 시간: 2024-12-31 01:00:00
2024-07-11 13:45:55.313 +09:00 [INF] 이력 실시간 테이블 생성 시간: 2024-07-12 01:00:00
2024-07-11 13:45:55.815 +09:00 [INF] 일일 통계 데이터 생성 시간: 2024-07-12 01:00:00
2024-07-11 13:48:17.656 +09:00 [INF] KDMS 서버 프로그램 시작...
2024-07-11 13:48:17.831 +09:00 [INF] 이력 통계 테이블 생성 시간: 2024-12-31 01:00:00
2024-07-11 13:48:17.832 +09:00 [INF] 이력 실시간 테이블 생성 시간: 2024-07-12 01:00:00
2024-07-11 13:48:18.321 +09:00 [INF] 일일 통계 데이터 생성 시간: 2024-07-12 01:00:00
2024-07-11 13:52:35.097 +09:00 [INF] KDMS 서버 프로그램 시작...
2024-07-11 13:52:35.256 +09:00 [INF] 이력 통계 테이블 생성 시간: 2024-12-31 01:00:00
2024-07-11 13:52:35.257 +09:00 [INF] 이력 실시간 테이블 생성 시간: 2024-07-12 01:00:00
2024-07-11 13:52:35.760 +09:00 [INF] 일일 통계 데이터 생성 시간: 2024-07-12 01:00:00
2024-07-11 13:53:54.232 +09:00 [INF] KDMS 서버 프로그램 시작...
2024-07-11 13:53:54.400 +09:00 [INF] 이력 통계 테이블 생성 시간: 2024-12-31 01:00:00
2024-07-11 13:53:54.401 +09:00 [INF] 이력 실시간 테이블 생성 시간: 2024-07-12 01:00:00
2024-07-11 13:53:54.902 +09:00 [INF] 일일 통계 데이터 생성 시간: 2024-07-12 01:00:00
2024-07-11 13:54:57.806 +09:00 [INF] KDMS 서버 프로그램 시작...
2024-07-11 13:54:57.939 +09:00 [INF] 이력 통계 테이블 생성 시간: 2024-12-31 01:00:00
2024-07-11 13:54:57.939 +09:00 [INF] 이력 실시간 테이블 생성 시간: 2024-07-12 01:00:00
2024-07-11 13:54:58.437 +09:00 [INF] 일일 통계 데이터 생성 시간: 2024-07-12 01:00:00
2024-07-11 13:55:34.618 +09:00 [INF] KDMS 서버 프로그램 시작...
2024-07-11 13:55:34.784 +09:00 [INF] 이력 통계 테이블 생성 시간: 2024-12-31 01:00:00
2024-07-11 13:55:34.784 +09:00 [INF] 이력 실시간 테이블 생성 시간: 2024-07-12 01:00:00
2024-07-11 13:55:35.276 +09:00 [INF] 일일 통계 데이터 생성 시간: 2024-07-12 01:00:00
2024-07-11 13:56:21.195 +09:00 [INF] KDMS 서버 프로그램 시작...
2024-07-11 13:56:21.328 +09:00 [INF] 이력 통계 테이블 생성 시간: 2024-12-31 01:00:00
2024-07-11 13:56:21.329 +09:00 [INF] 이력 실시간 테이블 생성 시간: 2024-07-12 01:00:00
2024-07-11 13:56:21.847 +09:00 [INF] 일일 통계 데이터 생성 시간: 2024-07-12 01:00:00
2024-07-11 13:57:32.779 +09:00 [INF] KDMS 서버 프로그램 시작...
2024-07-11 13:57:32.958 +09:00 [INF] 이력 통계 테이블 생성 시간: 2024-12-31 01:00:00
2024-07-11 13:57:32.959 +09:00 [INF] 이력 실시간 테이블 생성 시간: 2024-07-12 01:00:00
2024-07-11 13:57:33.461 +09:00 [INF] 일일 통계 데이터 생성 시간: 2024-07-12 01:00:00
2024-07-11 14:16:43.113 +09:00 [INF] KDMS 서버 프로그램 시작...
2024-07-11 14:16:43.212 +09:00 [INF] 이력 통계 테이블 생성 시간: 2024-12-31 01:00:00
2024-07-11 14:16:43.216 +09:00 [INF] 이력 실시간 테이블 생성 시간: 2024-07-12 01:00:00
2024-07-11 14:16:43.703 +09:00 [INF] 일일 통계 데이터 생성 시간: 2024-07-12 01:00:00
2024-07-11 14:17:31.425 +09:00 [INF] KDMS 서버 프로그램 시작...
2024-07-11 14:17:31.608 +09:00 [INF] 이력 통계 테이블 생성 시간: 2024-12-31 01:00:00
2024-07-11 14:17:31.609 +09:00 [INF] 이력 실시간 테이블 생성 시간: 2024-07-12 01:00:00
2024-07-11 14:17:32.109 +09:00 [INF] 일일 통계 데이터 생성 시간: 2024-07-12 01:00:00
2024-07-11 14:18:24.712 +09:00 [INF] KDMS 서버 프로그램 시작...
2024-07-11 14:18:24.854 +09:00 [INF] 이력 통계 테이블 생성 시간: 2024-12-31 01:00:00
2024-07-11 14:18:24.854 +09:00 [INF] 이력 실시간 테이블 생성 시간: 2024-07-12 01:00:00
2024-07-11 14:18:25.353 +09:00 [INF] 일일 통계 데이터 생성 시간: 2024-07-12 01:00:00
2024-07-11 14:27:42.855 +09:00 [INF] KDMS 서버 프로그램 시작...
2024-07-11 14:27:42.854 +09:00 [INF] 이력 통계 테이블 생성 시간: 2024-12-31 01:00:00
2024-07-11 14:27:42.901 +09:00 [INF] 이력 실시간 테이블 생성 시간: 2024-07-12 01:00:00
2024-07-11 14:27:43.348 +09:00 [INF] 일일 통계 데이터 생성 시간: 2024-07-12 01:00:00
2024-07-11 14:30:03.580 +09:00 [INF] KDMS 서버 프로그램 시작...
2024-07-11 14:30:03.703 +09:00 [INF] 이력 통계 테이블 생성 시간: 2024-12-31 01:00:00
2024-07-11 14:30:03.703 +09:00 [INF] 이력 실시간 테이블 생성 시간: 2024-07-12 01:00:00
2024-07-11 14:30:04.193 +09:00 [INF] 일일 통계 데이터 생성 시간: 2024-07-12 01:00:00
2024-07-11 14:31:07.453 +09:00 [INF] KDMS 서버 프로그램 시작...
2024-07-11 14:31:07.578 +09:00 [INF] 이력 통계 테이블 생성 시간: 2024-12-31 01:00:00
2024-07-11 14:31:07.579 +09:00 [INF] 이력 실시간 테이블 생성 시간: 2024-07-12 01:00:00
2024-07-11 14:31:08.086 +09:00 [INF] 일일 통계 데이터 생성 시간: 2024-07-12 01:00:00
2024-07-11 14:35:28.398 +09:00 [INF] KDMS 서버 프로그램 시작...
2024-07-11 14:35:28.479 +09:00 [INF] 이력 통계 테이블 생성 시간: 2024-12-31 01:00:00
2024-07-11 14:35:28.480 +09:00 [INF] 이력 실시간 테이블 생성 시간: 2024-07-12 01:00:00
2024-07-11 14:35:28.988 +09:00 [INF] 일일 통계 데이터 생성 시간: 2024-07-12 01:00:00
2024-07-11 14:35:35.342 +09:00 [INF] 2024-07-11 일일 통계 데이터 입력 시작
2024-07-11 14:35:35.468 +09:00 [INF] 2024-07-11 일일 통계 데이터 입력 실패 CODE:01 MSG:DATA 없음
2024-07-11 14:36:45.852 +09:00 [INF] KDMS 서버 프로그램 시작...
2024-07-11 14:36:45.966 +09:00 [INF] 이력 통계 테이블 생성 시간: 2024-12-31 01:00:00
2024-07-11 14:36:45.967 +09:00 [INF] 이력 실시간 테이블 생성 시간: 2024-07-12 01:00:00
2024-07-11 14:36:46.469 +09:00 [INF] 일일 통계 데이터 생성 시간: 2024-07-12 01:00:00
2024-07-11 14:37:45.734 +09:00 [INF] 2024-07-11 13:00:00 전류 시간 통계 데이터 입력 시작
2024-07-11 14:37:46.145 +09:00 [INF] 2024-07-11 13:00:00 전류 시간 통계 데이터 입력 성공
2024-07-11 14:38:07.871 +09:00 [INF] 2024-07-11 14:00:00 전류 시간 통계 데이터 입력 시작
2024-07-11 14:38:07.936 +09:00 [INF] 2024-07-11 14:00:00 전류 시간 통계 데이터 입력 성공
2024-07-11 14:38:28.565 +09:00 [INF] 2024-07-11 전류 일 통계 데이터 입력 시작
2024-07-11 14:38:28.686 +09:00 [INF] 2024-07-11 전류 일 통계 데이터 입력 성공
2024-07-11 14:39:38.546 +09:00 [INF] 2024-07-11 전류 일 통계 데이터 입력 시작
2024-07-11 14:39:38.601 +09:00 [INF] 2024-07-11 전류 일 통계 데이터 입력 성공
2024-07-11 14:51:15.163 +09:00 [INF] 2024-07 전류 월 통계 데이터 입력 시작
2024-07-11 14:51:15.276 +09:00 [INF] 2024-07 전류 월 통계 데이터 입력 성공
2024-07-11 14:51:24.328 +09:00 [INF] 2024 전류 년 통계 데이터 입력 시작
2024-07-11 14:51:24.458 +09:00 [INF] 2024 전류 년 통계 데이터 입력 성공
2024-07-11 15:14:06.601 +09:00 [INF] KDMS 서버 프로그램 시작...
2024-07-11 15:14:06.718 +09:00 [INF] 이력 통계 테이블 생성 시간: 2024-12-31 01:00:00
2024-07-11 15:14:06.719 +09:00 [INF] 이력 실시간 테이블 생성 시간: 2024-07-12 01:00:00
2024-07-11 15:14:07.222 +09:00 [INF] 일일 통계 데이터 생성 시간: 2024-07-12 01:00:00
2024-07-11 15:14:08.239 +09:00 [INF] 전류 시간 통계 데이터 생성 시간: 2024-07-11 16:00:00
2024-07-11 15:14:08.239 +09:00 [INF] 전류 일 통계 데이터 생성 시간: 2024-07-12 00:00:00
2024-07-11 15:14:08.245 +09:00 [INF] 전류 월 통계 데이터 생성 시간: 2024-08-01 00:00:00
2024-07-11 15:14:08.249 +09:00 [INF] 전류 년 통계 데이터 생성 시간: 2025-01-01 00:00:00
2024-07-11 15:15:37.364 +09:00 [INF] KDMS 서버 프로그램 시작...
2024-07-11 15:15:37.474 +09:00 [INF] 이력 통계 테이블 생성 시간: 2024-12-31 01:00:00
2024-07-11 15:15:37.475 +09:00 [INF] 이력 실시간 테이블 생성 시간: 2024-07-12 01:00:00
2024-07-11 15:15:37.965 +09:00 [INF] 일일 통계 데이터 생성 시간: 2024-07-12 01:00:00
2024-07-11 15:15:38.966 +09:00 [INF] 전류 시간 통계 데이터 생성 시간: 2024-07-11 16:01:00
2024-07-11 15:15:38.967 +09:00 [INF] 전류 일 통계 데이터 생성 시간: 2024-07-12 01:00:00
2024-07-11 15:15:38.972 +09:00 [INF] 전류 월 통계 데이터 생성 시간: 2024-08-01 00:00:00
2024-07-11 15:15:38.977 +09:00 [INF] 전류 년 통계 데이터 생성 시간: 2025-01-01 00:00:00
2024-07-11 15:16:38.741 +09:00 [INF] KDMS 서버 프로그램 시작...
2024-07-11 15:16:38.875 +09:00 [INF] 이력 통계 테이블 생성 시간: 2024-12-31 01:00:00
2024-07-11 15:16:38.876 +09:00 [INF] 이력 실시간 테이블 생성 시간: 2024-07-12 01:00:00
2024-07-11 15:16:39.381 +09:00 [INF] 일일 통계 데이터 생성 시간: 2024-07-12 01:00:00
2024-07-11 15:16:40.368 +09:00 [INF] 전류 시간 통계 데이터 생성 시간: 2024-07-11 16:05:00
2024-07-11 15:16:40.368 +09:00 [INF] 전류 일 통계 데이터 생성 시간: 2024-07-12 01:00:00
2024-07-11 15:16:40.373 +09:00 [INF] 전류 월 통계 데이터 생성 시간: 2024-08-01 01:00:00
2024-07-11 15:16:40.378 +09:00 [INF] 전류 년 통계 데이터 생성 시간: 2025-01-01 01:00:00
2024-07-11 15:41:31.954 +09:00 [INF] 이력 통계 테이블 생성 시간: 2024-12-31 01:00:00
2024-07-11 15:41:32.032 +09:00 [INF] KDMS 서버 프로그램 시작...
2024-07-11 15:41:32.043 +09:00 [INF] 이력 실시간 테이블 생성 시간: 2024-07-12 01:00:00
2024-07-11 15:41:32.459 +09:00 [INF] 일일 통계 데이터 생성 시간: 2024-07-12 01:00:00
2024-07-11 15:41:33.459 +09:00 [INF] 전류 시간 통계 데이터 생성 시간: 2024-07-11 16:05:00
2024-07-11 15:41:33.460 +09:00 [INF] 전류 일 통계 데이터 생성 시간: 2024-07-12 01:00:00
2024-07-11 15:41:33.465 +09:00 [INF] 전류 월 통계 데이터 생성 시간: 2024-08-01 01:00:00
2024-07-11 15:41:33.472 +09:00 [INF] 전류 년 통계 데이터 생성 시간: 2025-01-01 01:00:00
2024-07-11 15:50:05.261 +09:00 [INF] 이력 통계 테이블 생성 시간: 2024-12-31 01:00:00
2024-07-11 15:50:05.261 +09:00 [INF] KDMS 서버 프로그램 시작...
2024-07-11 15:50:05.309 +09:00 [INF] 이력 실시간 테이블 생성 시간: 2024-07-12 01:00:00
2024-07-11 15:50:05.764 +09:00 [INF] 일일 통계 데이터 생성 시간: 2024-07-12 01:00:00
2024-07-11 15:50:06.766 +09:00 [INF] 전류 시간 통계 데이터 생성 시간: 2024-07-11 16:05:00
2024-07-11 15:50:06.767 +09:00 [INF] 전류 일 통계 데이터 생성 시간: 2024-07-12 01:00:00
2024-07-11 15:50:06.768 +09:00 [INF] 전류 월 통계 데이터 생성 시간: 2024-08-01 01:00:00
2024-07-11 15:50:06.769 +09:00 [INF] 전류 년 통계 데이터 생성 시간: 2025-01-01 01:00:00
2024-07-11 15:53:54.862 +09:00 [INF] KDMS 서버 프로그램 시작...
2024-07-11 15:53:54.867 +09:00 [INF] 이력 통계 테이블 생성 시간: 2024-12-31 01:00:00
2024-07-11 15:53:54.903 +09:00 [INF] 이력 실시간 테이블 생성 시간: 2024-07-12 01:00:00
2024-07-11 15:53:55.368 +09:00 [INF] 일일 통계 데이터 생성 시간: 2024-07-12 01:00:00
2024-07-11 15:53:56.372 +09:00 [INF] 전류 시간 통계 데이터 생성 시간: 2024-07-11 16:05:00
2024-07-11 15:53:56.373 +09:00 [INF] 전류 일 통계 데이터 생성 시간: 2024-07-12 01:00:00
2024-07-11 15:53:56.373 +09:00 [INF] 전류 월 통계 데이터 생성 시간: 2024-08-01 01:00:00
2024-07-11 15:53:56.373 +09:00 [INF] 전류 년 통계 데이터 생성 시간: 2025-01-01 01:00:00
2024-07-11 15:55:51.546 +09:00 [INF] KDMS 서버 프로그램 시작...
2024-07-11 15:55:51.583 +09:00 [INF] 이력 통계 테이블 생성 시간: 2024-12-31 01:00:00
2024-07-11 15:55:51.591 +09:00 [INF] 이력 실시간 테이블 생성 시간: 2024-07-12 01:00:00
2024-07-11 15:55:52.083 +09:00 [INF] 일일 통계 데이터 생성 시간: 2024-07-12 01:00:00
2024-07-11 15:55:53.073 +09:00 [INF] 전류 시간 통계 데이터 생성 시간: 2024-07-11 16:05:00
2024-07-11 15:55:53.074 +09:00 [INF] 전류 일 통계 데이터 생성 시간: 2024-07-12 01:00:00
2024-07-11 15:55:53.074 +09:00 [INF] 전류 월 통계 데이터 생성 시간: 2024-08-01 01:00:00
2024-07-11 15:55:53.074 +09:00 [INF] 전류 년 통계 데이터 생성 시간: 2025-01-01 01:00:00
2024-07-11 15:57:49.261 +09:00 [INF] KDMS 서버 프로그램 시작...
2024-07-11 15:57:49.297 +09:00 [INF] 이력 통계 테이블 생성 시간: 2024-12-31 01:00:00
2024-07-11 15:57:49.301 +09:00 [INF] 이력 실시간 테이블 생성 시간: 2024-07-12 01:00:00
2024-07-11 15:57:49.802 +09:00 [INF] 일일 통계 데이터 생성 시간: 2024-07-12 01:00:00
2024-07-11 15:57:50.799 +09:00 [INF] 전류 시간 통계 데이터 생성 시간: 2024-07-11 16:05:00
2024-07-11 15:57:50.800 +09:00 [INF] 전류 일 통계 데이터 생성 시간: 2024-07-12 01:00:00
2024-07-11 15:57:50.800 +09:00 [INF] 전류 월 통계 데이터 생성 시간: 2024-08-01 01:00:00
2024-07-11 15:57:50.800 +09:00 [INF] 전류 년 통계 데이터 생성 시간: 2025-01-01 01:00:00
2024-07-11 15:59:26.142 +09:00 [INF] 이력 통계 테이블 생성 시간: 2024-12-31 01:00:00
2024-07-11 15:59:26.192 +09:00 [INF] KDMS 서버 프로그램 시작...
2024-07-11 15:59:26.205 +09:00 [INF] 이력 실시간 테이블 생성 시간: 2024-07-12 01:00:00
2024-07-11 15:59:26.650 +09:00 [INF] 일일 통계 데이터 생성 시간: 2024-07-12 01:00:00
2024-07-11 15:59:27.640 +09:00 [INF] 전류 시간 통계 데이터 생성 시간: 2024-07-11 16:05:00
2024-07-11 15:59:27.641 +09:00 [INF] 전류 일 통계 데이터 생성 시간: 2024-07-12 01:00:00
2024-07-11 15:59:27.641 +09:00 [INF] 전류 월 통계 데이터 생성 시간: 2024-08-01 01:00:00
2024-07-11 15:59:27.641 +09:00 [INF] 전류 년 통계 데이터 생성 시간: 2025-01-01 01:00:00
2024-07-11 16:02:36.684 +09:00 [INF] KDMS 서버 프로그램 시작...
2024-07-11 16:02:36.713 +09:00 [INF] 이력 통계 테이블 생성 시간: 2024-12-31 01:00:00
2024-07-11 16:02:36.723 +09:00 [INF] 이력 실시간 테이블 생성 시간: 2024-07-12 01:00:00
2024-07-11 16:02:37.203 +09:00 [INF] 일일 통계 데이터 생성 시간: 2024-07-12 01:00:00
2024-07-11 16:02:38.209 +09:00 [INF] 전류 시간 통계 데이터 생성 시간: 2024-07-11 16:05:00
2024-07-11 16:02:38.209 +09:00 [INF] 전류 일 통계 데이터 생성 시간: 2024-07-12 01:00:00
2024-07-11 16:02:38.210 +09:00 [INF] 전류 월 통계 데이터 생성 시간: 2024-08-01 01:00:00
2024-07-11 16:02:38.210 +09:00 [INF] 전류 년 통계 데이터 생성 시간: 2025-01-01 01:00:00
2024-07-11 16:04:33.730 +09:00 [INF] 이력 통계 테이블 생성 시간: 2024-12-31 01:00:00
2024-07-11 16:04:33.787 +09:00 [INF] KDMS 서버 프로그램 시작...
2024-07-11 16:04:33.802 +09:00 [INF] 이력 실시간 테이블 생성 시간: 2024-07-12 01:00:00
2024-07-11 16:04:34.222 +09:00 [INF] 일일 통계 데이터 생성 시간: 2024-07-12 01:00:00
2024-07-11 16:04:35.225 +09:00 [INF] 전류 시간 통계 데이터 생성 시간: 2024-07-11 16:05:00
2024-07-11 16:04:35.226 +09:00 [INF] 전류 일 통계 데이터 생성 시간: 2024-07-12 01:00:00
2024-07-11 16:04:35.232 +09:00 [INF] 전류 월 통계 데이터 생성 시간: 2024-08-01 01:00:00
2024-07-11 16:04:35.236 +09:00 [INF] 전류 년 통계 데이터 생성 시간: 2025-01-01 01:00:00
