2024-07-12 09:30:10.138 +09:00 [INF] 이력 통계 테이블 생성 시간: 2024-12-31 01:00:00
2024-07-12 09:30:10.205 +09:00 [INF] KDMS 서버 프로그램 시작...
2024-07-12 09:30:10.219 +09:00 [INF] 이력 실시간 테이블 생성 시간: 2024-07-13 01:00:00
2024-07-12 09:30:10.640 +09:00 [INF] 일일 통계 데이터 생성 시간: 2024-07-13 01:00:00
2024-07-12 09:30:11.648 +09:00 [INF] 전류 시간 통계 데이터 생성 시간: 2024-07-12 10:05:00
2024-07-12 09:30:11.649 +09:00 [INF] 전류 일 통계 데이터 생성 시간: 2024-07-13 01:00:00
2024-07-12 09:30:11.653 +09:00 [INF] 전류 월 통계 데이터 생성 시간: 2024-08-01 01:00:00
2024-07-12 09:30:11.659 +09:00 [INF] 전류 년 통계 데이터 생성 시간: 2025-01-01 01:00:00
2024-07-12 09:31:35.617 +09:00 [INF] KDMS 서버 프로그램 시작...
2024-07-12 09:31:35.653 +09:00 [INF] 이력 통계 테이블 생성 시간: 2024-12-31 01:00:00
2024-07-12 09:31:35.663 +09:00 [INF] 이력 실시간 테이블 생성 시간: 2024-07-13 01:00:00
2024-07-12 09:31:36.161 +09:00 [INF] 일일 통계 데이터 생성 시간: 2024-07-13 01:00:00
2024-07-12 09:31:37.162 +09:00 [INF] 전류 시간 통계 데이터 생성 시간: 2024-07-12 10:05:00
2024-07-12 09:31:37.163 +09:00 [INF] 전류 일 통계 데이터 생성 시간: 2024-07-13 01:00:00
2024-07-12 09:31:37.168 +09:00 [INF] 전류 월 통계 데이터 생성 시간: 2024-08-01 01:00:00
2024-07-12 09:31:37.174 +09:00 [INF] 전류 년 통계 데이터 생성 시간: 2025-01-01 01:00:00
2024-07-12 09:33:17.422 +09:00 [INF] 이력 통계 테이블 생성 시간: 2024-12-31 01:00:00
2024-07-12 09:33:17.875 +09:00 [INF] KDMS 서버 프로그램 시작...
2024-07-12 09:33:17.889 +09:00 [INF] 이력 실시간 테이블 생성 시간: 2024-07-13 01:00:00
2024-07-12 09:33:17.949 +09:00 [INF] 일일 통계 데이터 생성 시간: 2024-07-13 01:00:00
2024-07-12 09:33:18.932 +09:00 [INF] 전류 시간 통계 데이터 생성 시간: 2024-07-12 10:05:00
2024-07-12 09:33:18.934 +09:00 [INF] 전류 일 통계 데이터 생성 시간: 2024-07-13 01:00:00
2024-07-12 09:33:18.941 +09:00 [INF] 전류 월 통계 데이터 생성 시간: 2024-08-01 01:00:00
2024-07-12 09:33:18.945 +09:00 [INF] 전류 년 통계 데이터 생성 시간: 2025-01-01 01:00:00
2024-07-12 09:39:38.238 +09:00 [INF] KDMS 서버 프로그램 시작...
2024-07-12 09:39:38.287 +09:00 [INF] 이력 통계 테이블 생성 시간: 2024-12-31 01:00:00
2024-07-12 09:39:38.291 +09:00 [INF] 이력 실시간 테이블 생성 시간: 2024-07-13 01:00:00
2024-07-12 09:39:38.788 +09:00 [INF] 일일 통계 데이터 생성 시간: 2024-07-13 01:00:00
2024-07-12 09:39:39.790 +09:00 [INF] 전류 시간 통계 데이터 생성 시간: 2024-07-12 10:05:00
2024-07-12 09:39:39.790 +09:00 [INF] 전류 일 통계 데이터 생성 시간: 2024-07-13 01:00:00
2024-07-12 09:39:39.795 +09:00 [INF] 전류 월 통계 데이터 생성 시간: 2024-08-01 01:00:00
2024-07-12 09:39:39.800 +09:00 [INF] 전류 년 통계 데이터 생성 시간: 2025-01-01 01:00:00
2024-07-12 09:47:13.549 +09:00 [INF] 이력 통계 테이블 생성 시간: 2024-12-31 01:00:00
2024-07-12 09:47:14.054 +09:00 [INF] 일일 통계 데이터 생성 시간: 2024-07-13 01:00:00
2024-07-12 09:47:14.248 +09:00 [INF] KDMS 서버 프로그램 시작...
2024-07-12 09:47:14.266 +09:00 [INF] 이력 실시간 테이블 생성 시간: 2024-07-13 01:00:00
2024-07-12 09:47:15.050 +09:00 [INF] 전류 시간 통계 데이터 생성 시간: 2024-07-12 10:05:00
2024-07-12 09:47:15.052 +09:00 [INF] 전류 일 통계 데이터 생성 시간: 2024-07-13 01:00:00
2024-07-12 09:47:15.061 +09:00 [INF] 전류 월 통계 데이터 생성 시간: 2024-08-01 01:00:00
2024-07-12 09:47:15.066 +09:00 [INF] 전류 년 통계 데이터 생성 시간: 2025-01-01 01:00:00
2024-07-12 09:49:59.288 +09:00 [INF] 이력 통계 테이블 생성 시간: 2024-12-31 01:00:00
2024-07-12 09:49:59.789 +09:00 [INF] 일일 통계 데이터 생성 시간: 2024-07-13 01:00:00
2024-07-12 09:49:59.849 +09:00 [INF] KDMS 서버 프로그램 시작...
2024-07-12 09:49:59.864 +09:00 [INF] 이력 실시간 테이블 생성 시간: 2024-07-13 01:00:00
2024-07-12 09:50:00.785 +09:00 [INF] 전류 시간 통계 데이터 생성 시간: 2024-07-12 10:05:00
2024-07-12 09:50:00.801 +09:00 [INF] 전류 일 통계 데이터 생성 시간: 2024-07-13 01:00:00
2024-07-12 09:50:00.808 +09:00 [INF] 전류 월 통계 데이터 생성 시간: 2024-08-01 01:00:00
2024-07-12 09:50:00.813 +09:00 [INF] 전류 년 통계 데이터 생성 시간: 2025-01-01 01:00:00
2024-07-12 14:33:31.256 +09:00 [INF] KDMS 서버 프로그램 시작...
2024-07-12 14:33:31.297 +09:00 [INF] 이력 통계 테이블 생성 시간: 2024-12-31 01:00:00
2024-07-12 14:33:31.422 +09:00 [INF] 이력 실시간 테이블 생성 시간: 2024-07-12 23:55:00
2024-07-12 14:33:31.783 +09:00 [INF] 일일 통계 데이터 생성 시간: 2024-07-13 01:00:00
2024-07-12 14:33:32.785 +09:00 [INF] 전류 시간 통계 데이터 생성 시간: 2024-07-12 15:05:00
2024-07-12 14:33:32.786 +09:00 [INF] 전류 일 통계 데이터 생성 시간: 2024-07-13 01:00:00
2024-07-12 14:33:32.791 +09:00 [INF] 전류 월 통계 데이터 생성 시간: 2024-08-01 01:00:00
2024-07-12 14:33:32.796 +09:00 [INF] 전류 년 통계 데이터 생성 시간: 2025-01-01 01:00:00
2024-07-12 14:40:33.083 +09:00 [INF] KDMS 서버 프로그램 시작...
2024-07-12 14:40:33.132 +09:00 [INF] 이력 통계 테이블 생성 시간: 2024-12-31 01:00:00
2024-07-12 14:40:33.139 +09:00 [INF] 이력 실시간 테이블 생성 시간: 2024-07-12 23:55:00
2024-07-12 14:40:33.634 +09:00 [INF] 일일 통계 데이터 생성 시간: 2024-07-13 01:00:00
2024-07-12 14:40:34.636 +09:00 [INF] 전류 시간 통계 데이터 생성 시간: 2024-07-12 15:05:00
2024-07-12 14:40:34.638 +09:00 [INF] 전류 일 통계 데이터 생성 시간: 2024-07-13 01:00:00
2024-07-12 14:40:34.638 +09:00 [INF] 전류 월 통계 데이터 생성 시간: 2024-08-01 01:00:00
2024-07-12 14:40:34.639 +09:00 [INF] 전류 년 통계 데이터 생성 시간: 2025-01-01 01:00:00
2024-07-12 14:40:36.693 +09:00 [INF] 2024-07-12 14:00:00 전류 시간 통계 데이터 입력 시작 (수동)
2024-07-12 14:40:36.746 +09:00 [INF] 2024-07-12 14:00:00 전류 시간 통계 입력 실패  (수동) CODE:01 MSG:DATA 없음
2024-07-12 14:46:28.712 +09:00 [INF] [1일 통계(1분활용)] 테이블 생성 시간: 2024-12-31 01:00:00
2024-07-12 14:46:28.714 +09:00 [INF] KDMS 서버 프로그램 시작...
2024-07-12 14:46:28.766 +09:00 [INF] [1분 실시간] 테이블 생성 시간: 2024-07-12 23:55:00
2024-07-12 14:46:29.218 +09:00 [INF] [1일 통계(1분활용)] 데이터 생성 시간: 2024-07-13 01:00:00
2024-07-12 14:46:30.213 +09:00 [INF] 전류 시간 통계 데이터 생성 시간: 2024-07-12 15:05:00
2024-07-12 14:46:30.214 +09:00 [INF] 전류 일 통계 데이터 생성 시간: 2024-07-13 01:00:00
2024-07-12 14:46:30.222 +09:00 [INF] 전류 월 통계 데이터 생성 시간: 2024-08-01 01:00:00
2024-07-12 14:46:30.228 +09:00 [INF] 전류 년 통계 데이터 생성 시간: 2025-01-01 01:00:00
2024-07-12 14:58:19.681 +09:00 [INF] [1일 통계(1분활용)] 테이블 생성 시간: 2024-12-31 01:00:00
2024-07-12 14:58:19.737 +09:00 [INF] KDMS 서버 프로그램 시작...
2024-07-12 14:58:19.771 +09:00 [INF] [1분 실시간] 테이블 생성 시간: 2024-07-12 23:55:00
2024-07-12 14:58:20.184 +09:00 [INF] [1일 통계(1분활용)] 데이터 생성 시간: 2024-07-13 01:00:00
2024-07-12 14:58:21.178 +09:00 [INF] [1시간 통계(15분활용)] 데이터 생성 시간: 2024-07-12 15:05:00
2024-07-12 14:58:21.179 +09:00 [INF] [일 통계(시간활용)] 데이터 생성 시간: 2024-07-13 01:00:00
2024-07-12 14:58:21.184 +09:00 [INF] [월 통계(일활용)] 데이터 생성 시간: 2024-08-01 01:00:00
2024-07-12 14:58:21.190 +09:00 [INF] [년 통계(월활용)] 데이터 생성 시간: 2025-01-01 01:00:00
2024-07-12 14:58:39.490 +09:00 [INF] [1시간 통계(15분활용)] 2024-07-12 14:00:00 데이터 입력 시작 (수동)
2024-07-12 14:58:39.507 +09:00 [INF] [1시간 통계(15분활용)] 2024-07-12 14:00:00 데이터 입력 실패  (수동) CODE:01 MSG:DATA 없음
2024-07-12 15:01:27.843 +09:00 [INF] KDMS 서버 프로그램 시작...
2024-07-12 15:01:27.878 +09:00 [INF] [1일 통계(1분활용)] 테이블 생성 시간: 2024-12-31 01:00:00
2024-07-12 15:01:27.903 +09:00 [INF] [1분 실시간] 테이블 생성 시간: 2024-07-12 23:55:00
2024-07-12 15:01:28.381 +09:00 [INF] [1일 통계(1분활용)] 데이터 생성 시간: 2024-07-13 01:00:00
2024-07-12 15:01:29.372 +09:00 [INF] [시간 통계(15분활용)] 데이터 생성 시간: 2024-07-12 15:05:00
2024-07-12 15:01:29.373 +09:00 [INF] [일 통계(시간활용)] 데이터 생성 시간: 2024-07-13 01:00:00
2024-07-12 15:01:29.378 +09:00 [INF] [월 통계(일활용)] 데이터 생성 시간: 2024-08-01 01:00:00
2024-07-12 15:01:29.383 +09:00 [INF] [년 통계(월활용)] 데이터 생성 시간: 2025-01-01 01:00:00
2024-07-12 15:01:33.324 +09:00 [INF] [일 통계(시활용)] 2024-07-12 데이터 입력 시작 (수동)
2024-07-12 15:01:33.342 +09:00 [INF] [일 통계(시활용)] 2024-07-12 데이터 입력 실패 (수동) CODE:01 MSG:DATA 없음
2024-07-12 15:07:05.511 +09:00 [INF] KDMS 서버 프로그램 시작...
2024-07-12 15:07:05.600 +09:00 [INF] [1일 통계(1분활용)] 테이블 생성 시간: 2024-12-31 01:00:00
2024-07-12 15:07:05.601 +09:00 [INF] [1분 실시간] 테이블 생성 시간: 2024-07-12 23:55:00
2024-07-12 15:07:06.103 +09:00 [INF] [1일 통계(1분활용)] 데이터 생성 시간: 2024-07-13 01:00:00
2024-07-12 15:07:07.093 +09:00 [INF] [시간 통계(15분활용)] 데이터 생성 시간: 2024-07-12 16:05:00
2024-07-12 15:07:07.094 +09:00 [INF] [일 통계(시간활용)] 데이터 생성 시간: 2024-07-13 01:00:00
2024-07-12 15:07:07.098 +09:00 [INF] [월 통계(일활용)] 데이터 생성 시간: 2024-08-01 01:00:00
2024-07-12 15:07:07.104 +09:00 [INF] [년 통계(월활용)] 데이터 생성 시간: 2025-01-01 01:00:00
2024-07-12 15:08:24.887 +09:00 [INF] KDMS 서버 프로그램 시작...
2024-07-12 15:08:24.943 +09:00 [INF] [1일 통계(1분활용)] 테이블 생성 시간: 2024-12-31 01:00:00
2024-07-12 15:08:24.945 +09:00 [INF] [1분 실시간] 테이블 생성 시간: 2024-07-12 23:55:00
2024-07-12 15:08:25.447 +09:00 [INF] [1일 통계(1분활용)] 데이터 생성 시간: 2024-07-13 01:00:00
2024-07-12 15:08:26.442 +09:00 [INF] [시간 통계(15분활용)] 데이터 생성 시간: 2024-07-12 16:05:00
2024-07-12 15:08:26.442 +09:00 [INF] [일 통계(시간활용)] 데이터 생성 시간: 2024-07-13 01:00:00
2024-07-12 15:08:26.446 +09:00 [INF] [월 통계(일활용)] 데이터 생성 시간: 2024-08-01 01:00:00
2024-07-12 15:08:26.451 +09:00 [INF] [년 통계(월활용)] 데이터 생성 시간: 2025-01-01 01:00:00
2024-07-12 15:11:10.159 +09:00 [INF] KDMS 서버 프로그램 시작...
2024-07-12 15:11:10.226 +09:00 [INF] [1일 통계(1분활용)] 테이블 생성 시간: 2024-12-31 01:00:00
2024-07-12 15:11:10.234 +09:00 [INF] [1분 실시간] 테이블 생성 시간: 2024-07-12 23:55:00
2024-07-12 15:11:10.718 +09:00 [INF] [1일 통계(1분활용)] 데이터 생성 시간: 2024-07-13 01:00:00
2024-07-12 15:11:11.729 +09:00 [INF] [시간 통계(15분활용)] 데이터 생성 시간: 2024-07-12 16:05:00
2024-07-12 15:11:11.730 +09:00 [INF] [일 통계(시간활용)] 데이터 생성 시간: 2024-07-13 01:00:00
2024-07-12 15:11:11.736 +09:00 [INF] [월 통계(일활용)] 데이터 생성 시간: 2024-08-01 01:00:00
2024-07-12 15:11:11.741 +09:00 [INF] [년 통계(월활용)] 데이터 생성 시간: 2025-01-01 01:00:00
2024-07-12 15:20:09.140 +09:00 [INF] [1일 통계(1분활용)] 테이블 생성 시간: 2024-12-31 01:00:00
2024-07-12 15:20:09.186 +09:00 [INF] KDMS 서버 프로그램 시작...
2024-07-12 15:20:09.215 +09:00 [INF] [1분 실시간] 테이블 생성 시간: 2024-07-12 23:55:00
2024-07-12 15:20:09.632 +09:00 [INF] [1일 통계(1분활용)] 데이터 생성 시간: 2024-07-13 01:00:00
2024-07-12 15:20:10.643 +09:00 [INF] [시간 통계(15분활용)] 데이터 생성 시간: 2024-07-12 16:05:00
2024-07-12 15:20:10.643 +09:00 [INF] [일 통계(시간활용)] 데이터 생성 시간: 2024-07-13 01:00:00
2024-07-12 15:20:10.648 +09:00 [INF] [월 통계(일활용)] 데이터 생성 시간: 2024-08-01 01:00:00
2024-07-12 15:20:10.654 +09:00 [INF] [년 통계(월활용)] 데이터 생성 시간: 2025-01-01 01:00:00
